<?xml version="1.0" encoding="UTF-8"?>
<!-- Generated by org.testng.reporters.JUnitReportReporter -->
<testsuite skipped="0" hostname="DESKTOP-2S5GRH2" name="com.qa.hubspot.tests.LoginPageTest" tests="2" failures="0" timestamp="23 Jul 2019 17:53:06 GMT" time="77.923" errors="0">
  <testcase name="verifyLoginPageTitleTest" time="29.621" classname="com.qa.hubspot.tests.LoginPageTest"/>
  <testcase name="loginTest" time="48.302" classname="com.qa.hubspot.tests.LoginPageTest"/>
</testsuite> <!-- com.qa.hubspot.tests.LoginPageTest -->
